mode: set
github.com/Ulbora/Six910-ui/handlers/six910Handler.go:77.42,79.2 1 1
github.com/Ulbora/Six910-ui/handlers/six910Handler.go:81.79,85.20 3 1
github.com/Ulbora/Six910-ui/handlers/six910Handler.go:93.2,93.14 1 1
github.com/Ulbora/Six910-ui/handlers/six910Handler.go:121.2,121.18 1 1
github.com/Ulbora/Six910-ui/handlers/six910Handler.go:85.20,92.3 4 1
github.com/Ulbora/Six910-ui/handlers/six910Handler.go:93.14,115.17 5 1
github.com/Ulbora/Six910-ui/handlers/six910Handler.go:115.17,118.4 2 1
github.com/Ulbora/Six910-ui/handlers/six910Handler.go:124.69,126.22 2 1
github.com/Ulbora/Six910-ui/handlers/six910Handler.go:138.2,138.12 1 1
github.com/Ulbora/Six910-ui/handlers/six910Handler.go:126.22,130.41 4 1
github.com/Ulbora/Six910-ui/handlers/six910Handler.go:133.3,134.43 2 1
github.com/Ulbora/Six910-ui/handlers/six910Handler.go:130.41,132.4 1 1
github.com/Ulbora/Six910-ui/handlers/six910Handler.go:135.8,137.3 1 1
github.com/Ulbora/Six910-ui/handlers/six910Handler.go:141.72,146.56 5 1
github.com/Ulbora/Six910-ui/handlers/six910Handler.go:149.2,149.12 1 1
github.com/Ulbora/Six910-ui/handlers/six910Handler.go:146.56,148.3 1 1
github.com/Ulbora/Six910-ui/handlers/adminIndexHandler.go:26.81,29.9 3 1
github.com/Ulbora/Six910-ui/handlers/adminIndexHandler.go:29.9,34.32 1 1
github.com/Ulbora/Six910-ui/handlers/adminIndexHandler.go:34.32,36.4 1 1
github.com/Ulbora/Six910-ui/handlers/adminIndexHandler.go:36.9,38.4 1 1
github.com/Ulbora/Six910-ui/handlers/adminLoginHandler.go:33.81,34.22 1 1
github.com/Ulbora/Six910-ui/handlers/adminLoginHandler.go:34.22,40.3 5 1
github.com/Ulbora/Six910-ui/handlers/adminLoginHandler.go:40.8,42.3 1 1
github.com/Ulbora/Six910-ui/handlers/adminLoginHandler.go:46.93,49.9 3 1
github.com/Ulbora/Six910-ui/handlers/adminLoginHandler.go:49.9,69.80 14 1
github.com/Ulbora/Six910-ui/handlers/adminLoginHandler.go:77.3,78.15 2 1
github.com/Ulbora/Six910-ui/handlers/adminLoginHandler.go:69.80,76.4 5 1
github.com/Ulbora/Six910-ui/handlers/adminLoginHandler.go:78.15,98.4 4 1
github.com/Ulbora/Six910-ui/handlers/adminLoginHandler.go:98.9,100.4 1 1
github.com/Ulbora/Six910-ui/handlers/adminLoginHandler.go:102.8,104.3 1 1
github.com/Ulbora/Six910-ui/handlers/adminLoginHandler.go:108.90,111.9 3 1
github.com/Ulbora/Six910-ui/handlers/adminLoginHandler.go:111.9,116.32 1 1
github.com/Ulbora/Six910-ui/handlers/adminLoginHandler.go:116.32,118.4 1 1
github.com/Ulbora/Six910-ui/handlers/adminLoginHandler.go:118.9,120.4 1 1
github.com/Ulbora/Six910-ui/handlers/adminLoginHandler.go:125.94,127.9 2 1
github.com/Ulbora/Six910-ui/handlers/adminLoginHandler.go:127.9,133.100 5 1
github.com/Ulbora/Six910-ui/handlers/adminLoginHandler.go:133.100,135.4 1 1
github.com/Ulbora/Six910-ui/handlers/adminLoginHandler.go:135.9,154.19 15 1
github.com/Ulbora/Six910-ui/handlers/adminLoginHandler.go:154.19,156.5 1 1
github.com/Ulbora/Six910-ui/handlers/adminLoginHandler.go:156.10,158.5 1 1
github.com/Ulbora/Six910-ui/handlers/adminLoginHandler.go:164.82,182.2 6 1
github.com/Ulbora/Six910-ui/handlers/adminLoginHandler.go:185.87,190.42 4 1
github.com/Ulbora/Six910-ui/handlers/adminLoginHandler.go:190.42,206.44 11 1
github.com/Ulbora/Six910-ui/handlers/adminLoginHandler.go:206.44,209.11 2 1
github.com/Ulbora/Six910-ui/handlers/adminLoginHandler.go:209.11,219.5 7 1
github.com/Ulbora/Six910-ui/handlers/adminLoginHandler.go:224.80,227.22 3 1
github.com/Ulbora/Six910-ui/handlers/adminLoginHandler.go:245.2,245.13 1 1
github.com/Ulbora/Six910-ui/handlers/adminLoginHandler.go:227.22,229.3 1 1
github.com/Ulbora/Six910-ui/handlers/adminLoginHandler.go:229.8,243.3 11 1
github.com/Ulbora/Six910-ui/handlers/adminLoginHandler.go:248.79,251.18 3 1
github.com/Ulbora/Six910-ui/handlers/adminLoginHandler.go:256.2,257.19 2 1
github.com/Ulbora/Six910-ui/handlers/adminLoginHandler.go:251.18,253.3 1 1
github.com/Ulbora/Six910-ui/handlers/adminLoginHandler.go:253.8,255.3 1 1
github.com/Ulbora/Six910-ui/handlers/adminProductHandler.go:29.90,32.9 3 1
github.com/Ulbora/Six910-ui/handlers/adminProductHandler.go:32.9,33.32 1 1
github.com/Ulbora/Six910-ui/handlers/adminProductHandler.go:33.32,38.4 4 1
github.com/Ulbora/Six910-ui/handlers/adminProductHandler.go:38.9,40.4 1 1
github.com/Ulbora/Six910-ui/handlers/adminProductHandler.go:45.86,48.9 3 1
github.com/Ulbora/Six910-ui/handlers/adminProductHandler.go:48.9,49.32 1 1
github.com/Ulbora/Six910-ui/handlers/adminProductHandler.go:49.32,54.19 5 1
github.com/Ulbora/Six910-ui/handlers/adminProductHandler.go:54.19,56.5 1 1
github.com/Ulbora/Six910-ui/handlers/adminProductHandler.go:56.10,58.5 1 1
github.com/Ulbora/Six910-ui/handlers/adminProductHandler.go:59.9,61.4 1 1
github.com/Ulbora/Six910-ui/handlers/adminProductHandler.go:65.71,133.2 66 1
github.com/Ulbora/Six910-ui/handlers/productFileUploadHandler.go:36.97,39.9 3 1
github.com/Ulbora/Six910-ui/handlers/productFileUploadHandler.go:39.9,44.32 1 1
github.com/Ulbora/Six910-ui/handlers/productFileUploadHandler.go:44.32,46.4 1 1
github.com/Ulbora/Six910-ui/handlers/productFileUploadHandler.go:46.9,48.4 1 1
github.com/Ulbora/Six910-ui/handlers/productFileUploadHandler.go:53.93,56.9 3 1
github.com/Ulbora/Six910-ui/handlers/productFileUploadHandler.go:56.9,62.32 1 1
github.com/Ulbora/Six910-ui/handlers/productFileUploadHandler.go:62.32,68.19 4 1
github.com/Ulbora/Six910-ui/handlers/productFileUploadHandler.go:71.4,88.11 10 1
github.com/Ulbora/Six910-ui/handlers/productFileUploadHandler.go:68.19,70.5 1 1
github.com/Ulbora/Six910-ui/handlers/productFileUploadHandler.go:88.11,92.5 3 1
github.com/Ulbora/Six910-ui/handlers/productFileUploadHandler.go:92.10,95.5 2 1
github.com/Ulbora/Six910-ui/handlers/productFileUploadHandler.go:96.9,98.4 1 1
github.com/Ulbora/Six910-ui/handlers/productFileUploadHandler.go:102.57,107.18 5 1
github.com/Ulbora/Six910-ui/handlers/productFileUploadHandler.go:114.2,115.12 2 1
github.com/Ulbora/Six910-ui/handlers/productFileUploadHandler.go:107.18,109.3 1 1
github.com/Ulbora/Six910-ui/handlers/productFileUploadHandler.go:109.8,113.3 3 1
