mode: set
github.com/Ulbora/Six910-ui/menusrv/menuService.go:64.54,69.16 5 1
github.com/Ulbora/Six910-ui/menusrv/menuService.go:73.2,73.12 1 1
github.com/Ulbora/Six910-ui/menusrv/menuService.go:69.16,72.3 2 1
github.com/Ulbora/Six910-ui/menusrv/menuService.go:77.57,82.16 5 1
github.com/Ulbora/Six910-ui/menusrv/menuService.go:100.2,100.12 1 1
github.com/Ulbora/Six910-ui/menusrv/menuService.go:82.16,86.17 4 1
github.com/Ulbora/Six910-ui/menusrv/menuService.go:86.17,98.4 11 1
github.com/Ulbora/Six910-ui/menusrv/menuService.go:104.64,108.16 4 1
github.com/Ulbora/Six910-ui/menusrv/menuService.go:123.2,123.18 1 1
github.com/Ulbora/Six910-ui/menusrv/menuService.go:108.16,111.17 3 1
github.com/Ulbora/Six910-ui/menusrv/menuService.go:111.17,113.19 2 1
github.com/Ulbora/Six910-ui/menusrv/menuService.go:113.19,120.5 6 1
github.com/Ulbora/Six910-ui/menusrv/menuService.go:127.51,130.22 3 1
github.com/Ulbora/Six910-ui/menusrv/menuService.go:144.2,144.13 1 1
github.com/Ulbora/Six910-ui/menusrv/menuService.go:130.22,134.17 4 1
github.com/Ulbora/Six910-ui/menusrv/menuService.go:134.17,136.19 2 1
github.com/Ulbora/Six910-ui/menusrv/menuService.go:136.19,141.5 4 1
github.com/Ulbora/Six910-ui/menusrv/menuService.go:148.58,151.9 3 1
github.com/Ulbora/Six910-ui/menusrv/menuService.go:154.2,154.12 1 1
github.com/Ulbora/Six910-ui/menusrv/menuService.go:151.9,153.3 1 1
github.com/Ulbora/Six910-ui/menusrv/service.go:45.50,47.2 1 1
