mode: set
github.com/Ulbora/Six910-ui/managers/customerAccount.go:27.111,32.33 5 1
github.com/Ulbora/Six910-ui/managers/customerAccount.go:37.2,37.17 1 1
github.com/Ulbora/Six910-ui/managers/customerAccount.go:32.33,34.3 1 1
github.com/Ulbora/Six910-ui/managers/customerAccount.go:34.8,36.3 1 1
github.com/Ulbora/Six910-ui/managers/customerAccount.go:40.87,43.23 3 1
github.com/Ulbora/Six910-ui/managers/customerAccount.go:51.2,51.12 1 1
github.com/Ulbora/Six910-ui/managers/customerAccount.go:54.2,54.12 1 1
github.com/Ulbora/Six910-ui/managers/customerAccount.go:43.23,46.77 2 1
github.com/Ulbora/Six910-ui/managers/customerAccount.go:46.77,48.9 2 1
github.com/Ulbora/Six910-ui/managers/customerAccount.go:51.12,53.3 1 1
github.com/Ulbora/Six910-ui/managers/customerAccount.go:57.134,62.32 5 1
github.com/Ulbora/Six910-ui/managers/customerAccount.go:72.2,78.50 6 1
github.com/Ulbora/Six910-ui/managers/customerAccount.go:91.2,91.17 1 1
github.com/Ulbora/Six910-ui/managers/customerAccount.go:62.32,65.37 3 1
github.com/Ulbora/Six910-ui/managers/customerAccount.go:65.37,70.4 4 1
github.com/Ulbora/Six910-ui/managers/customerAccount.go:78.50,81.3 2 1
github.com/Ulbora/Six910-ui/managers/customerAccount.go:81.8,81.43 1 1
github.com/Ulbora/Six910-ui/managers/customerAccount.go:81.43,86.22 5 1
github.com/Ulbora/Six910-ui/managers/customerAccount.go:86.22,89.4 2 1
github.com/Ulbora/Six910-ui/managers/customerAccount.go:94.108,99.34 5 1
github.com/Ulbora/Six910-ui/managers/customerAccount.go:122.2,122.17 1 1
github.com/Ulbora/Six910-ui/managers/customerAccount.go:99.34,101.33 2 1
github.com/Ulbora/Six910-ui/managers/customerAccount.go:110.3,116.19 7 1
github.com/Ulbora/Six910-ui/managers/customerAccount.go:101.33,105.36 4 1
github.com/Ulbora/Six910-ui/managers/customerAccount.go:105.36,108.5 2 1
github.com/Ulbora/Six910-ui/managers/customerAccount.go:116.19,120.4 3 1
github.com/Ulbora/Six910-ui/managers/customerAccount.go:126.91,130.32 4 1
github.com/Ulbora/Six910-ui/managers/customerAccount.go:154.2,154.12 1 1
github.com/Ulbora/Six910-ui/managers/customerAccount.go:130.32,132.19 2 1
github.com/Ulbora/Six910-ui/managers/customerAccount.go:132.19,133.34 1 1
github.com/Ulbora/Six910-ui/managers/customerAccount.go:143.4,145.19 3 1
github.com/Ulbora/Six910-ui/managers/customerAccount.go:133.34,135.20 2 1
github.com/Ulbora/Six910-ui/managers/customerAccount.go:135.20,138.6 2 1
github.com/Ulbora/Six910-ui/managers/customerAccount.go:138.11,141.6 2 1
github.com/Ulbora/Six910-ui/managers/customerAccount.go:145.19,148.21 3 1
github.com/Ulbora/Six910-ui/managers/customerAccount.go:148.21,150.6 1 1
github.com/Ulbora/Six910-ui/managers/productImportManager.go:95.82,101.77 5 1
github.com/Ulbora/Six910-ui/managers/productImportManager.go:146.2,157.12 7 1
github.com/Ulbora/Six910-ui/managers/productImportManager.go:101.77,104.22 2 1
github.com/Ulbora/Six910-ui/managers/productImportManager.go:104.22,115.33 4 1
github.com/Ulbora/Six910-ui/managers/productImportManager.go:115.33,121.21 6 1
github.com/Ulbora/Six910-ui/managers/productImportManager.go:121.21,124.6 2 1
github.com/Ulbora/Six910-ui/managers/productImportManager.go:125.10,130.37 5 1
github.com/Ulbora/Six910-ui/managers/productImportManager.go:139.5,139.21 1 1
github.com/Ulbora/Six910-ui/managers/productImportManager.go:130.37,131.28 1 1
github.com/Ulbora/Six910-ui/managers/productImportManager.go:131.28,137.7 5 1
github.com/Ulbora/Six910-ui/managers/productImportManager.go:139.21,141.6 1 1
github.com/Ulbora/Six910-ui/managers/productImportManager.go:160.64,201.2 40 1
github.com/Ulbora/Six910-ui/managers/productImportManager.go:203.91,206.20 2 1
github.com/Ulbora/Six910-ui/managers/productImportManager.go:209.2,209.18 1 1
github.com/Ulbora/Six910-ui/managers/productImportManager.go:212.2,212.23 1 1
github.com/Ulbora/Six910-ui/managers/productImportManager.go:215.2,215.19 1 1
github.com/Ulbora/Six910-ui/managers/productImportManager.go:218.2,218.19 1 1
github.com/Ulbora/Six910-ui/managers/productImportManager.go:224.2,224.19 1 1
github.com/Ulbora/Six910-ui/managers/productImportManager.go:227.2,227.20 1 1
github.com/Ulbora/Six910-ui/managers/productImportManager.go:230.2,230.21 1 1
github.com/Ulbora/Six910-ui/managers/productImportManager.go:233.2,233.21 1 1
github.com/Ulbora/Six910-ui/managers/productImportManager.go:236.2,236.21 1 1
github.com/Ulbora/Six910-ui/managers/productImportManager.go:239.2,239.21 1 1
github.com/Ulbora/Six910-ui/managers/productImportManager.go:246.2,246.27 1 1
github.com/Ulbora/Six910-ui/managers/productImportManager.go:250.2,250.29 1 1
github.com/Ulbora/Six910-ui/managers/productImportManager.go:253.2,253.17 1 1
github.com/Ulbora/Six910-ui/managers/productImportManager.go:256.2,256.18 1 1
github.com/Ulbora/Six910-ui/managers/productImportManager.go:261.2,261.19 1 1
github.com/Ulbora/Six910-ui/managers/productImportManager.go:266.2,266.19 1 1
github.com/Ulbora/Six910-ui/managers/productImportManager.go:271.2,271.23 1 1
github.com/Ulbora/Six910-ui/managers/productImportManager.go:278.2,278.24 1 1
github.com/Ulbora/Six910-ui/managers/productImportManager.go:281.2,281.19 1 1
github.com/Ulbora/Six910-ui/managers/productImportManager.go:290.2,290.24 1 1
github.com/Ulbora/Six910-ui/managers/productImportManager.go:295.2,295.20 1 1
github.com/Ulbora/Six910-ui/managers/productImportManager.go:298.2,298.19 1 1
github.com/Ulbora/Six910-ui/managers/productImportManager.go:302.2,302.12 1 1
github.com/Ulbora/Six910-ui/managers/productImportManager.go:206.20,208.3 1 1
github.com/Ulbora/Six910-ui/managers/productImportManager.go:209.18,211.3 1 1
github.com/Ulbora/Six910-ui/managers/productImportManager.go:212.23,214.3 1 1
github.com/Ulbora/Six910-ui/managers/productImportManager.go:215.19,217.3 1 1
github.com/Ulbora/Six910-ui/managers/productImportManager.go:218.19,220.3 1 1
github.com/Ulbora/Six910-ui/managers/productImportManager.go:224.19,226.3 1 1
github.com/Ulbora/Six910-ui/managers/productImportManager.go:227.20,229.3 1 1
github.com/Ulbora/Six910-ui/managers/productImportManager.go:230.21,232.3 1 1
github.com/Ulbora/Six910-ui/managers/productImportManager.go:233.21,235.3 1 1
github.com/Ulbora/Six910-ui/managers/productImportManager.go:236.21,238.3 1 1
github.com/Ulbora/Six910-ui/managers/productImportManager.go:239.21,241.3 1 1
github.com/Ulbora/Six910-ui/managers/productImportManager.go:246.27,248.3 1 1
github.com/Ulbora/Six910-ui/managers/productImportManager.go:250.29,252.3 1 1
github.com/Ulbora/Six910-ui/managers/productImportManager.go:253.17,255.3 1 1
github.com/Ulbora/Six910-ui/managers/productImportManager.go:256.18,258.3 1 1
github.com/Ulbora/Six910-ui/managers/productImportManager.go:261.19,263.3 1 1
github.com/Ulbora/Six910-ui/managers/productImportManager.go:266.19,268.3 1 1
github.com/Ulbora/Six910-ui/managers/productImportManager.go:271.23,273.3 1 1
github.com/Ulbora/Six910-ui/managers/productImportManager.go:278.24,280.3 1 1
github.com/Ulbora/Six910-ui/managers/productImportManager.go:281.19,283.3 1 1
github.com/Ulbora/Six910-ui/managers/productImportManager.go:290.24,292.3 1 1
github.com/Ulbora/Six910-ui/managers/productImportManager.go:295.20,297.3 1 1
github.com/Ulbora/Six910-ui/managers/productImportManager.go:298.19,300.3 1 1
github.com/Ulbora/Six910-ui/managers/productUploadManager.go:74.120,81.86 5 1
github.com/Ulbora/Six910-ui/managers/productUploadManager.go:121.2,121.45 1 1
github.com/Ulbora/Six910-ui/managers/productUploadManager.go:81.86,82.62 1 1
github.com/Ulbora/Six910-ui/managers/productUploadManager.go:85.3,92.29 5 1
github.com/Ulbora/Six910-ui/managers/productUploadManager.go:95.3,99.27 4 1
github.com/Ulbora/Six910-ui/managers/productUploadManager.go:105.3,105.17 1 1
github.com/Ulbora/Six910-ui/managers/productUploadManager.go:114.3,118.49 5 1
github.com/Ulbora/Six910-ui/managers/productUploadManager.go:82.62,84.4 1 1
github.com/Ulbora/Six910-ui/managers/productUploadManager.go:92.29,94.4 1 1
github.com/Ulbora/Six910-ui/managers/productUploadManager.go:99.27,100.29 1 1
github.com/Ulbora/Six910-ui/managers/productUploadManager.go:100.29,102.10 2 1
github.com/Ulbora/Six910-ui/managers/productUploadManager.go:105.17,109.36 4 1
github.com/Ulbora/Six910-ui/managers/productUploadManager.go:109.36,111.5 1 1
github.com/Ulbora/Six910-ui/managers/productUploadManager.go:124.150,130.31 4 1
github.com/Ulbora/Six910-ui/managers/productUploadManager.go:166.2,166.33 1 1
github.com/Ulbora/Six910-ui/managers/productUploadManager.go:130.31,131.13 1 1
github.com/Ulbora/Six910-ui/managers/productUploadManager.go:131.13,133.4 1 1
github.com/Ulbora/Six910-ui/managers/productUploadManager.go:133.9,145.26 5 1
github.com/Ulbora/Six910-ui/managers/productUploadManager.go:155.4,156.16 2 1
github.com/Ulbora/Six910-ui/managers/productUploadManager.go:161.4,161.87 1 1
github.com/Ulbora/Six910-ui/managers/productUploadManager.go:145.26,150.51 5 1
github.com/Ulbora/Six910-ui/managers/productUploadManager.go:153.5,153.40 1 1
github.com/Ulbora/Six910-ui/managers/productUploadManager.go:150.51,152.6 1 1
github.com/Ulbora/Six910-ui/managers/productUploadManager.go:156.16,158.5 1 1
github.com/Ulbora/Six910-ui/managers/productUploadManager.go:158.10,160.5 1 1
github.com/Ulbora/Six910-ui/managers/productUploadManager.go:169.144,171.82 2 1
github.com/Ulbora/Six910-ui/managers/productUploadManager.go:187.2,187.20 1 1
github.com/Ulbora/Six910-ui/managers/productUploadManager.go:171.82,173.42 2 1
github.com/Ulbora/Six910-ui/managers/productUploadManager.go:183.3,183.22 1 1
github.com/Ulbora/Six910-ui/managers/productUploadManager.go:173.42,176.18 3 1
github.com/Ulbora/Six910-ui/managers/productUploadManager.go:176.18,179.5 2 1
github.com/Ulbora/Six910-ui/managers/productUploadManager.go:179.10,181.5 1 1
github.com/Ulbora/Six910-ui/managers/productUploadManager.go:184.8,186.3 1 1
github.com/Ulbora/Six910-ui/managers/productUploadManager.go:190.97,194.14 4 1
github.com/Ulbora/Six910-ui/managers/productUploadManager.go:292.2,294.41 3 1
github.com/Ulbora/Six910-ui/managers/productUploadManager.go:297.2,297.17 1 1
github.com/Ulbora/Six910-ui/managers/productUploadManager.go:195.13,196.14 1 1
github.com/Ulbora/Six910-ui/managers/productUploadManager.go:197.14,198.15 1 1
github.com/Ulbora/Six910-ui/managers/productUploadManager.go:199.14,200.15 1 1
github.com/Ulbora/Six910-ui/managers/productUploadManager.go:201.20,202.20 1 1
github.com/Ulbora/Six910-ui/managers/productUploadManager.go:203.14,204.15 1 1
github.com/Ulbora/Six910-ui/managers/productUploadManager.go:205.14,207.16 2 1
github.com/Ulbora/Six910-ui/managers/productUploadManager.go:208.14,210.16 2 1
github.com/Ulbora/Six910-ui/managers/productUploadManager.go:211.13,213.15 2 1
github.com/Ulbora/Six910-ui/managers/productUploadManager.go:214.15,216.18 2 1
github.com/Ulbora/Six910-ui/managers/productUploadManager.go:217.20,219.26 2 1
github.com/Ulbora/Six910-ui/managers/productUploadManager.go:220.18,221.19 1 1
github.com/Ulbora/Six910-ui/managers/productUploadManager.go:222.25,223.25 1 1
github.com/Ulbora/Six910-ui/managers/productUploadManager.go:224.22,225.23 1 1
github.com/Ulbora/Six910-ui/managers/productUploadManager.go:226.15,228.18 2 1
github.com/Ulbora/Six910-ui/managers/productUploadManager.go:229.21,231.28 2 1
github.com/Ulbora/Six910-ui/managers/productUploadManager.go:232.16,234.20 2 1
github.com/Ulbora/Six910-ui/managers/productUploadManager.go:235.15,237.18 2 1
github.com/Ulbora/Six910-ui/managers/productUploadManager.go:238.16,240.20 2 1
github.com/Ulbora/Six910-ui/managers/productUploadManager.go:241.15,243.18 2 1
github.com/Ulbora/Six910-ui/managers/productUploadManager.go:244.25,246.29 2 1
github.com/Ulbora/Six910-ui/managers/productUploadManager.go:247.17,249.22 2 1
github.com/Ulbora/Six910-ui/managers/productUploadManager.go:250.20,252.28 2 1
github.com/Ulbora/Six910-ui/managers/productUploadManager.go:253.19,255.24 2 1
github.com/Ulbora/Six910-ui/managers/productUploadManager.go:256.25,258.29 2 1
github.com/Ulbora/Six910-ui/managers/productUploadManager.go:259.23,261.25 2 1
github.com/Ulbora/Six910-ui/managers/productUploadManager.go:262.18,264.24 2 1
github.com/Ulbora/Six910-ui/managers/productUploadManager.go:265.18,267.24 2 1
github.com/Ulbora/Six910-ui/managers/productUploadManager.go:268.28,270.30 2 1
github.com/Ulbora/Six910-ui/managers/productUploadManager.go:271.33,272.32 1 1
github.com/Ulbora/Six910-ui/managers/productUploadManager.go:273.14,274.15 1 1
github.com/Ulbora/Six910-ui/managers/productUploadManager.go:275.15,276.16 1 1
github.com/Ulbora/Six910-ui/managers/productUploadManager.go:277.19,278.20 1 1
github.com/Ulbora/Six910-ui/managers/productUploadManager.go:279.16,280.17 1 1
github.com/Ulbora/Six910-ui/managers/productUploadManager.go:281.16,282.17 1 1
github.com/Ulbora/Six910-ui/managers/productUploadManager.go:283.16,284.17 1 1
github.com/Ulbora/Six910-ui/managers/productUploadManager.go:285.16,286.17 1 1
github.com/Ulbora/Six910-ui/managers/productUploadManager.go:287.28,288.58 1 1
github.com/Ulbora/Six910-ui/managers/productUploadManager.go:289.18,290.55 1 1
github.com/Ulbora/Six910-ui/managers/productUploadManager.go:294.41,296.3 1 1
github.com/Ulbora/Six910-ui/managers/productUploadManager.go:300.92,302.15 2 1
github.com/Ulbora/Six910-ui/managers/productUploadManager.go:311.2,311.14 1 1
github.com/Ulbora/Six910-ui/managers/productUploadManager.go:302.15,305.36 3 1
github.com/Ulbora/Six910-ui/managers/productUploadManager.go:305.36,307.4 1 1
github.com/Ulbora/Six910-ui/managers/productUploadManager.go:307.9,309.4 1 1
github.com/Ulbora/Six910-ui/managers/productUploadManager.go:314.94,319.22 5 1
github.com/Ulbora/Six910-ui/managers/productUploadManager.go:325.2,327.14 2 1
github.com/Ulbora/Six910-ui/managers/productUploadManager.go:319.22,321.24 2 1
github.com/Ulbora/Six910-ui/managers/productUploadManager.go:321.24,323.4 1 1
github.com/Ulbora/Six910-ui/managers/productUploadManager.go:330.82,335.29 4 1
github.com/Ulbora/Six910-ui/managers/productUploadManager.go:340.2,343.29 3 1
github.com/Ulbora/Six910-ui/managers/productUploadManager.go:368.2,370.16 3 1
github.com/Ulbora/Six910-ui/managers/productUploadManager.go:373.2,373.14 1 1
github.com/Ulbora/Six910-ui/managers/productUploadManager.go:335.29,336.14 1 1
github.com/Ulbora/Six910-ui/managers/productUploadManager.go:336.14,338.4 1 1
github.com/Ulbora/Six910-ui/managers/productUploadManager.go:343.29,346.27 3 1
github.com/Ulbora/Six910-ui/managers/productUploadManager.go:353.3,353.13 1 1
github.com/Ulbora/Six910-ui/managers/productUploadManager.go:346.27,347.20 1 1
github.com/Ulbora/Six910-ui/managers/productUploadManager.go:347.20,350.10 3 1
github.com/Ulbora/Six910-ui/managers/productUploadManager.go:353.13,357.22 4 1
github.com/Ulbora/Six910-ui/managers/productUploadManager.go:360.4,362.34 3 1
github.com/Ulbora/Six910-ui/managers/productUploadManager.go:357.22,359.5 1 1
github.com/Ulbora/Six910-ui/managers/productUploadManager.go:362.34,365.5 2 1
github.com/Ulbora/Six910-ui/managers/productUploadManager.go:370.16,372.3 1 1
github.com/Ulbora/Six910-ui/managers/six910Manager.go:38.42,40.2 1 1
github.com/Ulbora/Six910-ui/managers/storeAdminUser.go:28.89,41.76 8 1
github.com/Ulbora/Six910-ui/managers/storeAdminUser.go:48.2,49.18 2 1
github.com/Ulbora/Six910-ui/managers/storeAdminUser.go:41.76,47.3 5 1
github.com/Ulbora/Six910-ui/managers/storeAdminUser.go:53.98,65.79 8 1
github.com/Ulbora/Six910-ui/managers/storeAdminUser.go:73.2,74.20 2 1
github.com/Ulbora/Six910-ui/managers/storeAdminUser.go:65.79,72.3 6 1
github.com/Ulbora/Six910-ui/managers/customerCart.go:32.94,36.42 4 1
github.com/Ulbora/Six910-ui/managers/customerCart.go:41.2,43.33 2 1
github.com/Ulbora/Six910-ui/managers/customerCart.go:54.2,54.33 1 1
github.com/Ulbora/Six910-ui/managers/customerCart.go:68.2,68.13 1 1
github.com/Ulbora/Six910-ui/managers/customerCart.go:36.42,38.3 1 1
github.com/Ulbora/Six910-ui/managers/customerCart.go:38.8,38.27 1 1
github.com/Ulbora/Six910-ui/managers/customerCart.go:38.27,40.3 1 1
github.com/Ulbora/Six910-ui/managers/customerCart.go:43.33,49.18 6 1
github.com/Ulbora/Six910-ui/managers/customerCart.go:49.18,52.4 2 1
github.com/Ulbora/Six910-ui/managers/customerCart.go:54.33,63.18 9 1
github.com/Ulbora/Six910-ui/managers/customerCart.go:63.18,66.4 2 1
github.com/Ulbora/Six910-ui/managers/customerCart.go:72.79,76.27 4 1
github.com/Ulbora/Six910-ui/managers/customerCart.go:98.2,101.27 4 1
github.com/Ulbora/Six910-ui/managers/customerCart.go:106.2,110.13 4 1
github.com/Ulbora/Six910-ui/managers/customerCart.go:76.27,78.80 2 1
github.com/Ulbora/Six910-ui/managers/customerCart.go:78.80,88.27 9 1
github.com/Ulbora/Six910-ui/managers/customerCart.go:93.4,95.17 3 1
github.com/Ulbora/Six910-ui/managers/customerCart.go:88.27,90.5 1 1
github.com/Ulbora/Six910-ui/managers/customerCart.go:90.10,92.5 1 1
github.com/Ulbora/Six910-ui/managers/customerCart.go:101.27,105.3 3 1
github.com/Ulbora/Six910-ui/managers/customerCart.go:114.103,116.42 2 1
github.com/Ulbora/Six910-ui/managers/customerCart.go:123.2,123.13 1 1
github.com/Ulbora/Six910-ui/managers/customerCart.go:116.42,118.18 2 1
github.com/Ulbora/Six910-ui/managers/customerCart.go:118.18,121.4 2 1
github.com/Ulbora/Six910-ui/managers/customerCart.go:127.86,129.80 2 1
github.com/Ulbora/Six910-ui/managers/customerCart.go:139.2,139.12 1 1
github.com/Ulbora/Six910-ui/managers/customerCart.go:129.80,132.3 1 1
github.com/Ulbora/Six910-ui/managers/customerCart.go:132.8,135.45 2 1
github.com/Ulbora/Six910-ui/managers/customerCart.go:135.45,137.4 1 1
github.com/Ulbora/Six910-ui/managers/customerCart.go:143.96,146.15 2 1
github.com/Ulbora/Six910-ui/managers/customerCart.go:191.2,191.13 1 1
github.com/Ulbora/Six910-ui/managers/customerCart.go:146.15,150.28 4 1
github.com/Ulbora/Six910-ui/managers/customerCart.go:154.3,157.20 4 1
github.com/Ulbora/Six910-ui/managers/customerCart.go:167.3,167.33 1 1
github.com/Ulbora/Six910-ui/managers/customerCart.go:175.3,175.26 1 1
github.com/Ulbora/Six910-ui/managers/customerCart.go:189.3,189.105 1 1
github.com/Ulbora/Six910-ui/managers/customerCart.go:150.28,153.4 2 1
github.com/Ulbora/Six910-ui/managers/customerCart.go:157.20,158.24 1 1
github.com/Ulbora/Six910-ui/managers/customerCart.go:158.24,159.69 1 1
github.com/Ulbora/Six910-ui/managers/customerCart.go:159.69,161.6 1 1
github.com/Ulbora/Six910-ui/managers/customerCart.go:163.9,163.28 1 1
github.com/Ulbora/Six910-ui/managers/customerCart.go:163.28,165.4 1 1
github.com/Ulbora/Six910-ui/managers/customerCart.go:167.33,168.24 1 1
github.com/Ulbora/Six910-ui/managers/customerCart.go:168.24,169.59 1 1
github.com/Ulbora/Six910-ui/managers/customerCart.go:169.59,171.11 2 1
github.com/Ulbora/Six910-ui/managers/customerCart.go:175.26,178.26 3 1
github.com/Ulbora/Six910-ui/managers/customerCart.go:182.4,182.26 1 1
github.com/Ulbora/Six910-ui/managers/customerCart.go:186.4,187.54 2 1
github.com/Ulbora/Six910-ui/managers/customerCart.go:178.26,181.5 2 1
github.com/Ulbora/Six910-ui/managers/customerCart.go:182.26,185.5 2 1
github.com/Ulbora/Six910-ui/managers/customerCart.go:194.91,198.52 4 1
github.com/Ulbora/Six910-ui/managers/customerCart.go:205.2,225.34 20 1
github.com/Ulbora/Six910-ui/managers/customerCart.go:245.2,245.13 1 1
github.com/Ulbora/Six910-ui/managers/customerCart.go:198.52,199.35 1 1
github.com/Ulbora/Six910-ui/managers/customerCart.go:199.35,201.4 1 1
github.com/Ulbora/Six910-ui/managers/customerCart.go:201.9,201.43 1 1
github.com/Ulbora/Six910-ui/managers/customerCart.go:201.43,203.4 1 1
github.com/Ulbora/Six910-ui/managers/customerCart.go:225.34,231.34 6 1
github.com/Ulbora/Six910-ui/managers/customerCart.go:231.34,237.36 6 1
github.com/Ulbora/Six910-ui/managers/customerCart.go:237.36,240.5 2 1
github.com/Ulbora/Six910-ui/managers/customerCart.go:241.9,241.19 1 1
github.com/Ulbora/Six910-ui/managers/customerCart.go:241.19,243.4 1 1
github.com/Ulbora/Six910-ui/managers/customerCart.go:248.123,254.26 6 1
github.com/Ulbora/Six910-ui/managers/customerCart.go:279.2,283.29 5 1
github.com/Ulbora/Six910-ui/managers/customerCart.go:290.2,290.20 1 1
github.com/Ulbora/Six910-ui/managers/customerCart.go:254.26,262.22 7 1
github.com/Ulbora/Six910-ui/managers/customerCart.go:265.3,268.80 4 1
github.com/Ulbora/Six910-ui/managers/customerCart.go:262.22,264.4 1 1
github.com/Ulbora/Six910-ui/managers/customerCart.go:268.80,277.4 8 1
github.com/Ulbora/Six910-ui/managers/customerCart.go:283.29,284.49 1 1
github.com/Ulbora/Six910-ui/managers/customerCart.go:284.49,286.4 1 1
github.com/Ulbora/Six910-ui/managers/customerCart.go:286.9,288.4 1 1
github.com/Ulbora/Six910-ui/managers/customerCart.go:293.54,304.2 7 1
github.com/Ulbora/Six910-ui/managers/customerOrder.go:27.101,38.2 10 1
github.com/Ulbora/Six910-ui/managers/customerOrder.go:41.92,46.21 5 1
github.com/Ulbora/Six910-ui/managers/customerOrder.go:59.2,59.13 1 1
github.com/Ulbora/Six910-ui/managers/customerOrder.go:46.21,58.3 11 1
github.com/Ulbora/Six910-ui/managers/customerUser.go:28.87,38.81 8 1
github.com/Ulbora/Six910-ui/managers/customerUser.go:45.2,46.22 2 1
github.com/Ulbora/Six910-ui/managers/customerUser.go:38.81,44.3 5 1
github.com/Ulbora/Six910-ui/managers/customerUser.go:50.96,60.81 8 1
github.com/Ulbora/Six910-ui/managers/customerUser.go:68.2,69.22 2 1
github.com/Ulbora/Six910-ui/managers/customerUser.go:60.81,67.3 6 1
